<?xml version="1.0" encoding="UTF-8"?>
<testng-results ignored="0" total="1" passed="1" failed="0" skipped="0">
  <reporter-output>
  </reporter-output>
  <suite started-at="2024-08-16T17:16:42 IST" name="Default suite" finished-at="2024-08-16T17:17:17 IST" duration-ms="34628">
    <groups>
    </groups>
    <test started-at="2024-08-16T17:16:42 IST" name="Default test" finished-at="2024-08-16T17:17:17 IST" duration-ms="34628">
      <class name="com.mavenforjenkins1.Sample">
        <test-method signature="startTesting()[pri:0, instance:com.mavenforjenkins1.Sample@3c77d488]" started-at="2024-08-16T17:16:42 IST" name="startTesting" finished-at="2024-08-16T17:17:17 IST" duration-ms="34547" status="PASS">
          <reporter-output>
          </reporter-output>
        </test-method> <!-- startTesting -->
      </class> <!-- com.mavenforjenkins1.Sample -->
    </test> <!-- Default test -->
  </suite> <!-- Default suite -->
</testng-results>
